[debug] [2023-08-20T19:29:09.685Z] ----------------------------------------------------------------------
[debug] [2023-08-20T19:29:09.687Z] Command:       C:\Program Files\nodejs\node.exe C:\Users\eastd\AppData\Roaming\npm\node_modules\firebase-tools\lib\bin\firebase.js deploy
[debug] [2023-08-20T19:29:09.687Z] CLI Version:   12.4.8
[debug] [2023-08-20T19:29:09.688Z] Platform:      win32
[debug] [2023-08-20T19:29:09.688Z] Node Version:  v18.17.1
[debug] [2023-08-20T19:29:09.688Z] Time:          Sun Aug 20 2023 20:29:09 GMT+0100 (British Summer Time)
[debug] [2023-08-20T19:29:09.689Z] ----------------------------------------------------------------------
[debug] 
[debug] [2023-08-20T19:29:09.769Z] > command requires scopes: ["email","openid","https://www.googleapis.com/auth/cloudplatformprojects.readonly","https://www.googleapis.com/auth/firebase","https://www.googleapis.com/auth/cloud-platform"]
[debug] [2023-08-20T19:29:09.769Z] > authorizing via signed-in user (east.ddh@gmail.com)
[debug] [2023-08-20T19:29:09.774Z] [iam] checking project tonyduwebsite for permissions ["firebase.projects.get","firebasehosting.sites.update"]
[debug] [2023-08-20T19:29:09.777Z] >>> [apiv2][query] POST https://cloudresourcemanager.googleapis.com/v1/projects/tonyduwebsite:testIamPermissions [none]
[debug] [2023-08-20T19:29:09.777Z] >>> [apiv2][(partial)header] POST https://cloudresourcemanager.googleapis.com/v1/projects/tonyduwebsite:testIamPermissions x-goog-quota-user=projects/tonyduwebsite
[debug] [2023-08-20T19:29:09.777Z] >>> [apiv2][body] POST https://cloudresourcemanager.googleapis.com/v1/projects/tonyduwebsite:testIamPermissions {"permissions":["firebase.projects.get","firebasehosting.sites.update"]}
[debug] [2023-08-20T19:29:10.450Z] <<< [apiv2][status] POST https://cloudresourcemanager.googleapis.com/v1/projects/tonyduwebsite:testIamPermissions 200
[debug] [2023-08-20T19:29:10.451Z] <<< [apiv2][body] POST https://cloudresourcemanager.googleapis.com/v1/projects/tonyduwebsite:testIamPermissions {"permissions":["firebase.projects.get","firebasehosting.sites.update"]}
[debug] [2023-08-20T19:29:10.454Z] >>> [apiv2][query] GET https://firebase.googleapis.com/v1beta1/projects/tonyduwebsite [none]
[debug] [2023-08-20T19:29:10.648Z] <<< [apiv2][status] GET https://firebase.googleapis.com/v1beta1/projects/tonyduwebsite 200
[debug] [2023-08-20T19:29:10.648Z] <<< [apiv2][body] GET https://firebase.googleapis.com/v1beta1/projects/tonyduwebsite {"projectId":"tonyduwebsite","projectNumber":"1015120839385","displayName":"tonyduWebsite","name":"projects/tonyduwebsite","resources":{"hostingSite":"tonyduwebsite"},"state":"ACTIVE","etag":"1_43fddab1-c947-472b-907b-0f2ac4a8a8e1"}
[debug] [2023-08-20T19:29:15.861Z] >>> [apiv2][query] GET https://firebasehosting.googleapis.com/v1beta1/projects/tonyduwebsite/sites pageToken=&pageSize=10
[debug] [2023-08-20T19:29:16.635Z] <<< [apiv2][status] GET https://firebasehosting.googleapis.com/v1beta1/projects/tonyduwebsite/sites 200
[debug] [2023-08-20T19:29:16.635Z] <<< [apiv2][body] GET https://firebasehosting.googleapis.com/v1beta1/projects/tonyduwebsite/sites {"sites":[{"name":"projects/tonyduwebsite/sites/tonyduwebsite","defaultUrl":"https://tonyduwebsite.web.app","appId":"1:1015120839385:web:7add7037a38bdc23fd74c8","type":"DEFAULT_SITE"}]}
[debug] [2023-08-20T19:29:16.637Z] >>> [apiv2][query] GET https://firebase.googleapis.com/v1beta1/projects/-/webApps/1:1015120839385:web:7add7037a38bdc23fd74c8/config [none]
[debug] [2023-08-20T19:29:17.336Z] <<< [apiv2][status] GET https://firebase.googleapis.com/v1beta1/projects/-/webApps/1:1015120839385:web:7add7037a38bdc23fd74c8/config 200
[debug] [2023-08-20T19:29:17.337Z] <<< [apiv2][body] GET https://firebase.googleapis.com/v1beta1/projects/-/webApps/1:1015120839385:web:7add7037a38bdc23fd74c8/config {"projectId":"tonyduwebsite","appId":"1:1015120839385:web:7add7037a38bdc23fd74c8","storageBucket":"tonyduwebsite.appspot.com","apiKey":"AIzaSyAxBgvQWAL74j1f5WbMiEA-F6_WCKcNidA","authDomain":"tonyduwebsite.firebaseapp.com","messagingSenderId":"1015120839385","measurementId":"G-ND0CWGVGQG"}
[info] 
   Thank you for trying our early preview of Next.js support on Firebase Hosting.
   During the preview, support is best-effort and breaking changes can be expected. Proceed with caution.

   Documentation: https://firebase.google.com/docs/hosting/frameworks/nextjs
   File a bug: https://github.com/firebase/firebase-tools/issues/new?template=bug_report.md
   Submit a feature request: https://github.com/firebase/firebase-tools/issues/new?template=feature_request.md

   We'd love to learn from you. Express your interest in helping us shape the future of Firebase Hosting: https://goo.gle/41enW5X

[info] - info Loaded env from C:\materials\personalWebsite\tonydu\.env.local

[info] - info Creating an optimized production build...

[info] - info Compiled successfully

[info] - info Linting and checking validity of types...

[info] 
Failed to compile.

[info] 
./src/app/page.jsx
339:1  Warning: Prevent client components from being async functions. See: https://nextjs.org/docs/messages/no-async-client-component  @next/next/no-async-client-component
348:12  Error: `'` can be escaped with `&apos;`, `&lsquo;`, `&#39;`, `&rsquo;`.  react/no-unescaped-entities

info  - Need to disable some ESLint rules? Learn more here: https://nextjs.org/docs/basic-features/eslint#disabling-rules

[debug] [2023-08-20T19:29:49.801Z] Error: ENOENT: no such file or directory, open 'C:\materials\personalWebsite\tonydu\.next\export-marker.json'
[error] 
[error] Error: An unexpected error has occurred.
